{"C:\\Users\\conno_000\\Desktop\\React\\epicodestruction\\src\\game.js": {"path":"C:\\Users\\conno_000\\Desktop\\React\\epicodestruction\\src\\game.js","statementMap":{"0":{"start":{"line":1,"column":30},"end":{"line":1,"column":63}},"1":{"start":{"line":2,"column":29},"end":{"line":2,"column":50}},"2":{"start":{"line":5,"column":19},"end":{"line":12,"column":1}},"3":{"start":{"line":6,"column":21},"end":{"line":6,"column":23}},"4":{"start":{"line":7,"column":2},"end":{"line":11,"column":3}},"5":{"start":{"line":8,"column":21},"end":{"line":8,"column":54}},"6":{"start":{"line":9,"column":4},"end":{"line":9,"column":33}},"7":{"start":{"line":10,"column":4},"end":{"line":10,"column":20}},"8":{"start":{"line":14,"column":28},"end":{"line":14,"column":40}},"9":{"start":{"line":15,"column":22},"end":{"line":15,"column":34}},"10":{"start":{"line":17,"column":20},"end":{"line":24,"column":1}},"11":{"start":{"line":18,"column":2},"end":{"line":23,"column":3}},"12":{"start":{"line":19,"column":4},"end":{"line":22,"column":6}},"13":{"start":{"line":19,"column":23},"end":{"line":22,"column":5}},"14":{"start":{"line":27,"column":13},"end":{"line":27,"column":36}},"15":{"start":{"line":28,"column":15},"end":{"line":28,"column":42}},"16":{"start":{"line":32,"column":27},"end":{"line":32,"column":48}}},"fnMap":{"0":{"name":"(anonymous_0)","decl":{"start":{"line":5,"column":19},"end":{"line":5,"column":20}},"loc":{"start":{"line":5,"column":25},"end":{"line":12,"column":1}},"line":5},"1":{"name":"(anonymous_1)","decl":{"start":{"line":7,"column":9},"end":{"line":7,"column":10}},"loc":{"start":{"line":7,"column":34},"end":{"line":11,"column":3}},"line":7},"2":{"name":"(anonymous_2)","decl":{"start":{"line":17,"column":20},"end":{"line":17,"column":21}},"loc":{"start":{"line":17,"column":30},"end":{"line":24,"column":1}},"line":17},"3":{"name":"(anonymous_3)","decl":{"start":{"line":18,"column":9},"end":{"line":18,"column":10}},"loc":{"start":{"line":18,"column":20},"end":{"line":23,"column":3}},"line":18},"4":{"name":"(anonymous_4)","decl":{"start":{"line":19,"column":11},"end":{"line":19,"column":12}},"loc":{"start":{"line":19,"column":23},"end":{"line":22,"column":5}},"line":19}},"branchMap":{"0":{"loc":{"start":{"line":21,"column":15},"end":{"line":21,"column":31}},"type":"binary-expr","locations":[{"start":{"line":21,"column":15},"end":{"line":21,"column":26}},{"start":{"line":21,"column":30},"end":{"line":21,"column":31}}],"line":21}},"s":{"0":1,"1":1,"2":1,"3":2,"4":2,"5":1,"6":1,"7":1,"8":1,"9":1,"10":1,"11":3,"12":2,"13":1,"14":1,"15":1,"16":1},"f":{"0":2,"1":1,"2":3,"3":2,"4":1},"b":{"0":[1,1]},"_coverageSchema":"43e27e138ebf9cfc5966b082cf9a028302ed4184","hash":"43bcd2cf06279db097f59d63d42b1ca9e5766955"}
}
