TN:
SF:C:\Users\conno_000\Desktop\React\epicodestruction\src\game.js
FN:5,(anonymous_0)
FN:7,(anonymous_1)
FN:17,(anonymous_2)
FN:18,(anonymous_3)
FN:19,(anonymous_4)
FN:39,(anonymous_5)
FNF:6
FNH:5
FNDA:2,(anonymous_0)
FNDA:5,(anonymous_1)
FNDA:7,(anonymous_2)
FNDA:7,(anonymous_3)
FNDA:5,(anonymous_4)
FNDA:0,(anonymous_5)
DA:1,1
DA:2,1
DA:5,1
DA:6,2
DA:7,2
DA:8,5
DA:9,5
DA:10,5
DA:14,1
DA:15,1
DA:17,1
DA:18,7
DA:19,7
DA:27,1
DA:28,1
DA:29,1
DA:34,1
DA:35,1
DA:36,1
DA:37,1
DA:39,1
DA:40,0
DA:41,0
DA:42,0
LF:24
LH:21
BRDA:21,0,0,5
BRDA:21,0,1,0
BRF:2
BRH:1
end_of_record
